<?xml version="1.0" encoding="UTF-8"?>
<!-- Generated by org.testng.reporters.JUnitXMLReporter -->
<testsuite ignored="0" hostname="Rajadurai-PC" failures="0" tests="7" name="Test" time="80.407" errors="0" timestamp="2024-10-06T15:11:14 IST">
  <testcase classname="testCases.Automation_TC_001" name="verify_account_registration" time="2.837"/>
  <testcase classname="testCases.Automation_TC_002" name="verifyLogIn" time="6.982"/>
  <testcase classname="testCases.Automation_TC_003" name="VerifyDataProvider" time="2.925"/>
  <testcase classname="testCases.Automation_TC_003" name="VerifyDataProvider" time="3.417"/>
  <testcase classname="testCases.Automation_TC_003" name="VerifyDataProvider" time="11.864">
    <skipped/>
  </testcase> <!-- VerifyDataProvider -->
  <testcase classname="testCases.Automation_TC_003" name="VerifyDataProvider" time="11.322">
    <skipped/>
  </testcase> <!-- VerifyDataProvider -->
  <testcase classname="testCases.Automation_TC_003" name="VerifyDataProvider" time="12.067">
    <skipped/>
  </testcase> <!-- VerifyDataProvider -->
</testsuite> <!-- Test -->
